<?xml version="1.0" encoding="UTF-8"?>
<!-- Generated by org.testng.reporters.JUnitReportReporter -->
<testsuite hostname="hp23-HP-EliteBook-840-G1" failures="0" tests="8" name="Adminportal.Banner_module_testcases" time="101.429" errors="0" timestamp="2022-10-11T16:42:59 IST" skipped="1">
  <testcase classname="Adminportal.Banner_module_testcases" name="Create_Banner_With_Madatory_fields" time="14.398"/>
  <system-out>
    <![CDATA[Verifying Mandatory Fields Validation Is Working Or Not
Create Banner With Mandatory Fields Only]]>
  </system-out>
  <testcase classname="Adminportal.Banner_module_testcases" name="View_And_Verify_Banner_With_Mandatory_Fields" time="9.432"/>
  <system-out>
    <![CDATA[Search And View The Newly Created Banner]]>
  </system-out>
  <testcase classname="Adminportal.Banner_module_testcases" name="Edit_Banner_With_All_Fields" time="23.384"/>
  <system-out>
    <![CDATA[Search And Edit The Newly Created Banner With Remaining Fields]]>
  </system-out>
  <testcase classname="Adminportal.Banner_module_testcases" name="View_And_Verify_Edited_Banner" time="7.031"/>
  <system-out>
    <![CDATA[Search and View The Edited Banner]]>
  </system-out>
  <testcase classname="Adminportal.Banner_module_testcases" name="Create_New_Banner_With_All_Fields" time="21.744"/>
  <system-out>
    <![CDATA[Verifying Create New Banner With All Information]]>
  </system-out>
  <testcase classname="Adminportal.Banner_module_testcases" name="View_And_Verify_The_New_Banner" time="7.980"/>
  <system-out>
    <![CDATA[Search and View The New Banner]]>
  </system-out>
  <testcase classname="Adminportal.Banner_module_testcases" name="delete_banner" time="17.460"/>
  <system-out>
    <![CDATA[Search and delete the banner]]>
  </system-out>
  <testcase classname="Adminportal.Banner_module_testcases" name="filter_banner">
    <skipped/>
  </testcase> <!-- filter_banner -->
  <system-out/>
</testsuite> <!-- Adminportal.Banner_module_testcases -->
