<?xml version="1.0" encoding="UTF-8"?>
<!-- Generated by org.testng.reporters.JUnitReportReporter -->
<testsuite hostname="hp23-HP-EliteBook-840-G1" failures="0" tests="8" name="Adminportal.banner_Final_Demo" time="93.555" errors="0" timestamp="2022-10-06T14:37:09 IST" skipped="2">
  <testcase classname="Adminportal.banner_Final_Demo" name="Create_Banner_With_Madatory_fields" time="19.861"/>
  <system-out>
    <![CDATA[Verifying Mandatory Fields Validation Is Working Or Not
Create Banner With Mandatory Fields Only]]>
  </system-out>
  <testcase classname="Adminportal.banner_Final_Demo" name="View_And_Verify_Banner_With_Mandatory_Fields" time="11.084"/>
  <system-out>
    <![CDATA[Search And View The Newly Created Banner]]>
  </system-out>
  <testcase classname="Adminportal.banner_Final_Demo" name="Edit_Banner_With_All_Fields" time="17.041"/>
  <system-out>
    <![CDATA[Search And Edit The Newly Created Banner With Remaining Fields]]>
  </system-out>
  <testcase classname="Adminportal.banner_Final_Demo" name="View_And_Verify_Edited_Banner" time="9.221"/>
  <system-out>
    <![CDATA[Search and View The Edited Banner]]>
  </system-out>
  <testcase classname="Adminportal.banner_Final_Demo" name="Create_New_Banner_With_All_Fields" time="23.999"/>
  <system-out>
    <![CDATA[Verifying Create New Banner With All Information]]>
  </system-out>
  <testcase classname="Adminportal.banner_Final_Demo" name="View_And_Verify_The_New_Banner" time="12.349"/>
  <system-out>
    <![CDATA[Search and View The New Banner]]>
  </system-out>
  <testcase classname="Adminportal.banner_Final_Demo" name="filter_banner">
    <skipped/>
  </testcase> <!-- filter_banner -->
  <system-out/>
  <testcase classname="Adminportal.banner_Final_Demo" name="delete_banner">
    <skipped/>
  </testcase> <!-- delete_banner -->
  <system-out/>
</testsuite> <!-- Adminportal.banner_Final_Demo -->
