<?xml version="1.0" encoding="UTF-8"?>
<!-- Generated by org.testng.reporters.JUnitReportReporter -->
<testsuite hostname="hp23-HP-EliteBook-840-G1" failures="0" tests="2" name="Adminportal.Collection_module_testcases" time="76.607" errors="0" timestamp="2022-10-11T17:12:06 IST" skipped="1">
  <testcase classname="Adminportal.Collection_module_testcases" name="Create_New_Collection_With_All_Fields" time="76.607"/>
  <system-out>
    <![CDATA[Collection -> Verifying Create New Collection With All Information]]>
  </system-out>
  <testcase classname="Adminportal.Collection_module_testcases" name="filter_banner">
    <skipped/>
  </testcase> <!-- filter_banner -->
  <system-out/>
</testsuite> <!-- Adminportal.Collection_module_testcases -->
