<?xml version="1.0" encoding="UTF-8"?>
<!-- Generated by org.testng.reporters.JUnitReportReporter -->
<testsuite hostname="LAPTOP-7P3SOSLJ" failures="1" tests="7" name="Adminportal.Expert_module_test_cases" time="137.382" errors="0" timestamp="2022-10-10T10:29:15 IST" skipped="1">
  <testcase classname="Adminportal.Expert_module_test_cases" name="Create_Expert_With_Madatory_fields" time="11.102"/>
  <system-out>
Expert -> Verifying Mandatory Fields Validation Is Working Or Not Create Expert With Mandatory Fields Only  </system-out>
  <testcase classname="Adminportal.Expert_module_test_cases" name="View_And_Verify_Expert_With_Mandatory_Fields" time="10.321"/>
  <system-out>
Search And View The Newly Created Expert  </system-out>
  <testcase classname="Adminportal.Expert_module_test_cases" name="Edit_Expert_With_All_Fields" time="51.617"/>
  <system-out>
Search And Edit The Newly Created Expert With Remaining Fields  </system-out>
  <testcase classname="Adminportal.Expert_module_test_cases" name="View_And_Verify_Edited_Expert" time="9.546">
    <failure message="expected:&lt;&gt; but was:&lt;123dsc&gt;" type="java.lang.AssertionError">
      <![CDATA[java.lang.AssertionError: expected:<> but was:<123dsc>
at org.testng.AssertJUnit.assertEquals(AssertJUnit.java:115)
at org.testng.AssertJUnit.assertEquals(AssertJUnit.java:125)
at Adminportal.Expert_module_test_cases.View_And_Verify_Edited_Expert(Expert_module_test_cases.java:319)
at java.base/jdk.internal.reflect.NativeMethodAccessorImpl.invoke0(Native Method)
at java.base/jdk.internal.reflect.NativeMethodAccessorImpl.invoke(NativeMethodAccessorImpl.java:64)
at java.base/jdk.internal.reflect.DelegatingMethodAccessorImpl.invoke(DelegatingMethodAccessorImpl.java:43)
at java.base/java.lang.reflect.Method.invoke(Method.java:564)
at org.testng.internal.MethodInvocationHelper.invokeMethod(MethodInvocationHelper.java:132)
at org.testng.internal.TestInvoker.invokeMethod(TestInvoker.java:599)
at org.testng.internal.TestInvoker.invokeTestMethod(TestInvoker.java:174)
at org.testng.internal.MethodRunner.runInSequence(MethodRunner.java:46)
at org.testng.internal.TestInvoker$MethodInvocationAgent.invoke(TestInvoker.java:822)
at org.testng.internal.TestInvoker.invokeTestMethods(TestInvoker.java:147)
at org.testng.internal.TestMethodWorker.invokeTestMethods(TestMethodWorker.java:146)
at org.testng.internal.TestMethodWorker.run(TestMethodWorker.java:128)
at java.base/java.util.ArrayList.forEach(ArrayList.java:1511)
at org.testng.TestRunner.privateRun(TestRunner.java:764)
at org.testng.TestRunner.run(TestRunner.java:585)
at org.testng.SuiteRunner.runTest(SuiteRunner.java:384)
at org.testng.SuiteRunner.runSequentially(SuiteRunner.java:378)
at org.testng.SuiteRunner.privateRun(SuiteRunner.java:337)
at org.testng.SuiteRunner.run(SuiteRunner.java:286)
at org.testng.SuiteRunnerWorker.runSuite(SuiteRunnerWorker.java:53)
at org.testng.SuiteRunnerWorker.run(SuiteRunnerWorker.java:96)
at org.testng.TestNG.runSuitesSequentially(TestNG.java:1218)
at org.testng.TestNG.runSuitesLocally(TestNG.java:1140)
at org.testng.TestNG.runSuites(TestNG.java:1069)
at org.testng.TestNG.run(TestNG.java:1037)
at org.testng.remote.AbstractRemoteTestNG.run(AbstractRemoteTestNG.java:115)
at org.testng.remote.RemoteTestNG.initAndRun(RemoteTestNG.java:251)
at org.testng.remote.RemoteTestNG.main(RemoteTestNG.java:77)
]]>
    </failure>
  </testcase> <!-- View_And_Verify_Edited_Expert -->
  <system-out>
Search And View The Edited  Expert  </system-out>
  <testcase classname="Adminportal.Expert_module_test_cases" name="Create_New_Expert_With_All_Fields" time="41.292"/>
  <system-out>
Verifying Create New Expert With All Information  </system-out>
  <testcase classname="Adminportal.Expert_module_test_cases" name="View_And_Verify_The_New_Expert" time="13.504"/>
  <system-out>
Search And View The New Created Expert  </system-out>
  <testcase classname="Adminportal.Expert_module_test_cases" name="Verify_delete_Expert_is_working">
    <skipped/>
  </testcase> <!-- Verify_delete_Expert_is_working -->
  <system-out/>
</testsuite> <!-- Adminportal.Expert_module_test_cases -->
