<?xml version="1.0" encoding="UTF-8"?>
<!-- Generated by org.testng.reporters.JUnitReportReporter -->
<testsuite hostname="LAPTOP-7P3SOSLJ" failures="0" tests="8" name="Adminportal.Banner_module_testcases" time="90.166" errors="0" timestamp="2022-10-10T10:29:15 IST" skipped="2">
  <testcase classname="Adminportal.Banner_module_testcases" name="Create_Banner_With_Madatory_fields" time="17.902"/>
  <system-out>
Verifying Mandatory Fields Validation Is Working Or Not Create Banner With Mandatory Fields Only  </system-out>
  <testcase classname="Adminportal.Banner_module_testcases" name="View_And_Verify_Banner_With_Mandatory_Fields" time="12.056"/>
  <system-out>
Search And View The Newly Created Banner  </system-out>
  <testcase classname="Adminportal.Banner_module_testcases" name="Edit_Banner_With_All_Fields" time="17.412"/>
  <system-out>
Search And Edit The Newly Created Banner With Remaining Fields  </system-out>
  <testcase classname="Adminportal.Banner_module_testcases" name="View_And_Verify_Edited_Banner" time="8.725"/>
  <system-out>
Search and View The Edited Banner  </system-out>
  <testcase classname="Adminportal.Banner_module_testcases" name="Create_New_Banner_With_All_Fields" time="25.168"/>
  <system-out>
Verifying Create New Banner With All Information  </system-out>
  <testcase classname="Adminportal.Banner_module_testcases" name="View_And_Verify_The_New_Banner" time="8.903"/>
  <system-out>
Search and View The New Banner  </system-out>
  <testcase classname="Adminportal.Banner_module_testcases" name="delete_banner">
    <skipped/>
  </testcase> <!-- delete_banner -->
  <system-out/>
  <testcase classname="Adminportal.Banner_module_testcases" name="filter_banner">
    <skipped/>
  </testcase> <!-- filter_banner -->
  <system-out/>
</testsuite> <!-- Adminportal.Banner_module_testcases -->
