<?xml version="1.0" encoding="UTF-8"?>
<!-- Generated by org.testng.reporters.JUnitReportReporter -->
<testsuite hostname="hp23-HP-EliteBook-840-G1" failures="0" tests="7" name="Adminportal.Expert_module_test_cases" time="123.434" errors="0" timestamp="2022-10-11T16:42:59 IST" skipped="1">
  <testcase classname="Adminportal.Expert_module_test_cases" name="Create_Expert_With_Madatory_fields" time="11.540"/>
  <system-out>
    <![CDATA[Expert -> Verifying Mandatory Fields Validation Is Working Or Not
Create Expert With Mandatory Fields Only]]>
  </system-out>
  <testcase classname="Adminportal.Expert_module_test_cases" name="View_And_Verify_Expert_With_Mandatory_Fields" time="7.725"/>
  <system-out>
    <![CDATA[Search And View The Newly Created Expert]]>
  </system-out>
  <testcase classname="Adminportal.Expert_module_test_cases" name="Edit_Expert_With_All_Fields" time="28.796"/>
  <system-out>
    <![CDATA[Search And Edit The Newly Created Expert With Remaining Fields]]>
  </system-out>
  <testcase classname="Adminportal.Expert_module_test_cases" name="View_And_Verify_Edited_Expert" time="7.396"/>
  <system-out>
    <![CDATA[Search And View The Edited  Expert]]>
  </system-out>
  <testcase classname="Adminportal.Expert_module_test_cases" name="Create_New_Expert_With_All_Fields" time="54.386"/>
  <system-out>
    <![CDATA[Verifying Create New Expert With All Information]]>
  </system-out>
  <testcase classname="Adminportal.Expert_module_test_cases" name="Verify_delete_Expert_is_working" time="13.591"/>
  <system-out/>
  <testcase classname="Adminportal.Expert_module_test_cases" name="View_And_Verify_The_New_Expert">
    <skipped/>
  </testcase> <!-- View_And_Verify_The_New_Expert -->
  <system-out/>
</testsuite> <!-- Adminportal.Expert_module_test_cases -->
